# JRE version: Java(TM) SE Runtime Environment (8.0_101-b13) (build 1.8.0_101-b13)
# Java VM: Java HotSpot(TM) Client VM (25.101-b13 mixed mode windows-x86 )
Heap:
 garbage-first heap   total 393216K, used 294413K [0x05e00000, 0x05f00600, 0x45e00000)
  region size 1024K, 135 young (138240K), 22 survivors (22528K)
 Metaspace       used 35618K, capacity 38490K, committed 38528K, reserved 39296K
GC Heap History (10 events):
Event: 16.453 GC heap before
{Heap before GC invocations=21 (full 1):
 garbage-first heap   total 393216K, used 330342K [0x05e00000, 0x05f00600, 0x45e00000)
  region size 1024K, 204 young (208896K), 13 survivors (13312K)
 Metaspace       used 30347K, capacity 31830K, committed 32000K, reserved 32128K
Event: 16.457 GC heap after
Heap after GC invocations=22 (full 1):
 garbage-first heap   total 393216K, used 136806K [0x05e00000, 0x05f00600, 0x45e00000)
  region size 1024K, 15 young (15360K), 15 survivors (15360K)
 Metaspace       used 30347K, capacity 31830K, committed 32000K, reserved 32128K
}
Event: 17.124 GC heap before
{Heap before GC invocations=22 (full 1):
 garbage-first heap   total 393216K, used 328294K [0x05e00000, 0x05f00600, 0x45e00000)
  region size 1024K, 202 young (206848K), 15 survivors (15360K)
 Metaspace       used 33111K, capacity 35235K, committed 35328K, reserved 36224K
Event: 17.130 GC heap after
Heap after GC invocations=23 (full 1):
 garbage-first heap   total 393216K, used 141414K [0x05e00000, 0x05f00600, 0x45e00000)
  region size 1024K, 20 young (20480K), 20 survivors (20480K)
 Metaspace       used 33111K, capacity 35235K, committed 35328K, reserved 36224K
}
Event: 17.745 GC heap before
{Heap before GC invocations=23 (full 1):
 garbage-first heap   total 393216K, used 322662K [0x05e00000, 0x05f00600, 0x45e00000)
  region size 1024K, 197 young (201728K), 20 survivors (20480K)
 Metaspace       used 34110K, capacity 36387K, committed 36480K, reserved 37248K
Event: 17.755 GC heap after
Heap after GC invocations=24 (full 1):
 garbage-first heap   total 393216K, used 147014K [0x05e00000, 0x05f00600, 0x45e00000)
  region size 1024K, 20 young (20480K), 20 survivors (20480K)
 Metaspace       used 34110K, capacity 36387K, committed 36480K, reserved 37248K
}
Event: 18.274 GC heap before
{Heap before GC invocations=24 (full 1):
 garbage-first heap   total 393216K, used 264404K [0x05e00000, 0x05f00600, 0x45e00000)
  region size 1024K, 104 young (106496K), 20 survivors (20480K)
 Metaspace       used 34670K, capacity 37115K, committed 37120K, reserved 37248K
Event: 18.288 GC heap after
Heap after GC invocations=25 (full 1):
 garbage-first heap   total 393216K, used 168377K [0x05e00000, 0x05f00600, 0x45e00000)
  region size 1024K, 24 young (24576K), 24 survivors (24576K)
 Metaspace       used 34670K, capacity 37115K, committed 37120K, reserved 37248K
}
Event: 91.648 GC heap before
{Heap before GC invocations=26 (full 1):
 garbage-first heap   total 393216K, used 317546K [0x05e00000, 0x05f00600, 0x45e00000)
  region size 1024K, 169 young (173056K), 24 survivors (24576K)
 Metaspace       used 35509K, capacity 38336K, committed 38400K, reserved 39296K
Event: 91.663 GC heap after
Heap after GC invocations=27 (full 1):
 garbage-first heap   total 393216K, used 168385K [0x05e00000, 0x05f00600, 0x45e00000)
  region size 1024K, 22 young (22528K), 22 survivors (22528K)
 Metaspace       used 35509K, capacity 38336K, committed 38400K, reserved 39296K
}

