# JRE version: Java(TM) SE Runtime Environment (8.0_101-b13) (build 1.8.0_101-b13)
# Java VM: Java HotSpot(TM) Client VM (25.101-b13 mixed mode windows-x86 )
Heap:
 garbage-first heap   total 393216K, used 189559K [0x05600000, 0x05700600, 0x45600000)
  region size 1024K, 35 young (35840K), 16 survivors (16384K)
 Metaspace       used 36160K, capacity 39026K, committed 39040K, reserved 39296K
GC Heap History (10 events):
Event: 27.257 GC heap before
{Heap before GC invocations=21 (full 1):
 garbage-first heap   total 393216K, used 332219K [0x05600000, 0x05700600, 0x45600000)
  region size 1024K, 198 young (202752K), 11 survivors (11264K)
 Metaspace       used 30013K, capacity 31533K, committed 31616K, reserved 32128K
Event: 27.264 GC heap after
Heap after GC invocations=22 (full 1):
 garbage-first heap   total 393216K, used 145851K [0x05600000, 0x05700600, 0x45600000)
  region size 1024K, 16 young (16384K), 16 survivors (16384K)
 Metaspace       used 30013K, capacity 31533K, committed 31616K, reserved 32128K
}
Event: 28.021 GC heap before
{Heap before GC invocations=22 (full 1):
 garbage-first heap   total 393216K, used 327099K [0x05600000, 0x05700600, 0x45600000)
  region size 1024K, 193 young (197632K), 16 survivors (16384K)
 Metaspace       used 32937K, capacity 35031K, committed 35072K, reserved 35200K
Event: 28.027 GC heap after
Heap after GC invocations=23 (full 1):
 garbage-first heap   total 393216K, used 147232K [0x05600000, 0x05700600, 0x45600000)
  region size 1024K, 14 young (14336K), 14 survivors (14336K)
 Metaspace       used 32937K, capacity 35031K, committed 35072K, reserved 35200K
}
Event: 28.571 GC heap before
{Heap before GC invocations=23 (full 1):
 garbage-first heap   total 393216K, used 328480K [0x05600000, 0x05700600, 0x45600000)
  region size 1024K, 191 young (195584K), 14 survivors (14336K)
 Metaspace       used 33839K, capacity 36106K, committed 36224K, reserved 36224K
Event: 28.580 GC heap after
Heap after GC invocations=24 (full 1):
 garbage-first heap   total 393216K, used 151840K [0x05600000, 0x05700600, 0x45600000)
  region size 1024K, 18 young (18432K), 18 survivors (18432K)
 Metaspace       used 33839K, capacity 36106K, committed 36224K, reserved 36224K
}
Event: 29.256 GC heap before
{Heap before GC invocations=24 (full 1):
 garbage-first heap   total 393216K, used 310245K [0x05600000, 0x05700600, 0x45600000)
  region size 1024K, 150 young (153600K), 18 survivors (18432K)
 Metaspace       used 34586K, capacity 37032K, committed 37120K, reserved 37248K
Event: 29.270 GC heap after
Heap after GC invocations=25 (full 1):
 garbage-first heap   total 393216K, used 174034K [0x05600000, 0x05700600, 0x45600000)
  region size 1024K, 24 young (24576K), 24 survivors (24576K)
 Metaspace       used 34586K, capacity 37032K, committed 37120K, reserved 37248K
}
Event: 57.239 GC heap before
{Heap before GC invocations=26 (full 1):
 garbage-first heap   total 393216K, used 321374K [0x05600000, 0x05700600, 0x45600000)
  region size 1024K, 162 young (165888K), 24 survivors (24576K)
 Metaspace       used 36091K, capacity 38942K, committed 39040K, reserved 39296K
Event: 57.255 GC heap after
Heap after GC invocations=27 (full 1):
 garbage-first heap   total 393216K, used 171127K [0x05600000, 0x05700600, 0x45600000)
  region size 1024K, 16 young (16384K), 16 survivors (16384K)
 Metaspace       used 36091K, capacity 38942K, committed 39040K, reserved 39296K
}

